<?xml version="1.0" encoding="UTF-8"?>
<!-- Generated by org.testng.reporters.JUnitReportReporter -->
<testsuite hostname="Tanays-MacBook-Pro.local" name="perfeqta_package.smartalert" tests="1" failures="0" timestamp="28 Mar 2017 17:54:02 GMT" time="32.668" errors="0">
  <testcase name="abcd" time="32.668" classname="perfeqta_package.smartalert"/>
</testsuite> <!-- perfeqta_package.smartalert -->
